Performing C++ SOURCE FILE Test CMAKE_HAVE_LIBC_PTHREAD failed with the following output:
Change Dir: /home/luzi/linux_dirver/camera_streamer/build-imx6ull/CMakeFiles/CMakeTmp

Run Build Command(s):/usr/bin/make cmTC_3b142/fast && /usr/bin/make -f CMakeFiles/cmTC_3b142.dir/build.make CMakeFiles/cmTC_3b142.dir/build
make[1]: 进入目录“/home/luzi/linux_dirver/camera_streamer/build-imx6ull/CMakeFiles/CMakeTmp”
Building CXX object CMakeFiles/cmTC_3b142.dir/src.cxx.o
/usr/bin/arm-linux-gnueabihf-g++    -march=armv7-a -mfpu=neon -mfloat-abi=hard -DCMAKE_HAVE_LIBC_PTHREAD   -std=c++17 -o CMakeFiles/cmTC_3b142.dir/src.cxx.o -c /home/luzi/linux_dirver/camera_streamer/build-imx6ull/CMakeFiles/CMakeTmp/src.cxx
Linking CXX executable cmTC_3b142
/usr/bin/cmake -E cmake_link_script CMakeFiles/cmTC_3b142.dir/link.txt --verbose=1
/usr/bin/arm-linux-gnueabihf-g++  -march=armv7-a -mfpu=neon -mfloat-abi=hard -DCMAKE_HAVE_LIBC_PTHREAD  -static-libstdc++ -static-libgcc  CMakeFiles/cmTC_3b142.dir/src.cxx.o  -o cmTC_3b142 
/usr/lib/gcc-cross/arm-linux-gnueabihf/9/../../../../arm-linux-gnueabihf/bin/ld: CMakeFiles/cmTC_3b142.dir/src.cxx.o: in function `main':
src.cxx:(.text+0x36): undefined reference to `pthread_create'
/usr/lib/gcc-cross/arm-linux-gnueabihf/9/../../../../arm-linux-gnueabihf/bin/ld: src.cxx:(.text+0x3e): undefined reference to `pthread_detach'
/usr/lib/gcc-cross/arm-linux-gnueabihf/9/../../../../arm-linux-gnueabihf/bin/ld: src.cxx:(.text+0x48): undefined reference to `pthread_join'
collect2: error: ld returned 1 exit status
make[1]: *** [CMakeFiles/cmTC_3b142.dir/build.make:87：cmTC_3b142] 错误 1
make[1]: 离开目录“/home/luzi/linux_dirver/camera_streamer/build-imx6ull/CMakeFiles/CMakeTmp”
make: *** [Makefile:121：cmTC_3b142/fast] 错误 2


Source file was:
#include <pthread.h>

void* test_func(void* data)
{
  return data;
}

int main(void)
{
  pthread_t thread;
  pthread_create(&thread, NULL, test_func, NULL);
  pthread_detach(thread);
  pthread_join(thread, NULL);
  pthread_atfork(NULL, NULL, NULL);
  pthread_exit(NULL);

  return 0;
}

Determining if the function pthread_create exists in the pthreads failed with the following output:
Change Dir: /home/luzi/linux_dirver/camera_streamer/build-imx6ull/CMakeFiles/CMakeTmp

Run Build Command(s):/usr/bin/make cmTC_7da1d/fast && /usr/bin/make -f CMakeFiles/cmTC_7da1d.dir/build.make CMakeFiles/cmTC_7da1d.dir/build
make[1]: 进入目录“/home/luzi/linux_dirver/camera_streamer/build-imx6ull/CMakeFiles/CMakeTmp”
Building CXX object CMakeFiles/cmTC_7da1d.dir/CheckFunctionExists.cxx.o
/usr/bin/arm-linux-gnueabihf-g++    -march=armv7-a -mfpu=neon -mfloat-abi=hard -DCHECK_FUNCTION_EXISTS=pthread_create   -std=c++17 -o CMakeFiles/cmTC_7da1d.dir/CheckFunctionExists.cxx.o -c /home/luzi/linux_dirver/camera_streamer/build-imx6ull/CMakeFiles/CheckLibraryExists/CheckFunctionExists.cxx
Linking CXX executable cmTC_7da1d
/usr/bin/cmake -E cmake_link_script CMakeFiles/cmTC_7da1d.dir/link.txt --verbose=1
/usr/bin/arm-linux-gnueabihf-g++  -march=armv7-a -mfpu=neon -mfloat-abi=hard -DCHECK_FUNCTION_EXISTS=pthread_create  -static-libstdc++ -static-libgcc  CMakeFiles/cmTC_7da1d.dir/CheckFunctionExists.cxx.o  -o cmTC_7da1d  -lpthreads 
/usr/lib/gcc-cross/arm-linux-gnueabihf/9/../../../../arm-linux-gnueabihf/bin/ld: 找不到 -lpthreads
collect2: error: ld returned 1 exit status
make[1]: *** [CMakeFiles/cmTC_7da1d.dir/build.make:87：cmTC_7da1d] 错误 1
make[1]: 离开目录“/home/luzi/linux_dirver/camera_streamer/build-imx6ull/CMakeFiles/CMakeTmp”
make: *** [Makefile:121：cmTC_7da1d/fast] 错误 2



