The target system is: Linux -  - arm
The host system is: Linux - 5.15.0-139-generic - x86_64
Compiling the CXX compiler identification source file "CMakeCXXCompilerId.cpp" succeeded.
Compiler: /usr/bin/arm-linux-gnueabihf-g++ 
Build flags: 
Id flags:  

The output was:
0


Compilation of the CXX compiler identification source "CMakeCXXCompilerId.cpp" produced "a.out"

The CXX compiler identification is GNU, found in "/home/luzi/linux_dirver/camera_streamer/build-imx6ull/CMakeFiles/3.16.3/CompilerIdCXX/a.out"

Determining if the CXX compiler works passed with the following output:
Change Dir: /home/luzi/linux_dirver/camera_streamer/build-imx6ull/CMakeFiles/CMakeTmp

Run Build Command(s):/usr/bin/make cmTC_4f4f2/fast && /usr/bin/make -f CMakeFiles/cmTC_4f4f2.dir/build.make CMakeFiles/cmTC_4f4f2.dir/build
make[1]: 进入目录“/home/luzi/linux_dirver/camera_streamer/build-imx6ull/CMakeFiles/CMakeTmp”
Building CXX object CMakeFiles/cmTC_4f4f2.dir/testCXXCompiler.cxx.o
/usr/bin/arm-linux-gnueabihf-g++    -march=armv7-a -mfpu=neon -mfloat-abi=hard    -o CMakeFiles/cmTC_4f4f2.dir/testCXXCompiler.cxx.o -c /home/luzi/linux_dirver/camera_streamer/build-imx6ull/CMakeFiles/CMakeTmp/testCXXCompiler.cxx
Linking CXX executable cmTC_4f4f2
/usr/bin/cmake -E cmake_link_script CMakeFiles/cmTC_4f4f2.dir/link.txt --verbose=1
/usr/bin/arm-linux-gnueabihf-g++  -march=armv7-a -mfpu=neon -mfloat-abi=hard   -static-libstdc++ -static-libgcc  CMakeFiles/cmTC_4f4f2.dir/testCXXCompiler.cxx.o  -o cmTC_4f4f2 
make[1]: 离开目录“/home/luzi/linux_dirver/camera_streamer/build-imx6ull/CMakeFiles/CMakeTmp”



Detecting CXX compiler ABI info compiled with the following output:
Change Dir: /home/luzi/linux_dirver/camera_streamer/build-imx6ull/CMakeFiles/CMakeTmp

Run Build Command(s):/usr/bin/make cmTC_e03f6/fast && /usr/bin/make -f CMakeFiles/cmTC_e03f6.dir/build.make CMakeFiles/cmTC_e03f6.dir/build
make[1]: Entering directory '/home/luzi/linux_dirver/camera_streamer/build-imx6ull/CMakeFiles/CMakeTmp'
Building CXX object CMakeFiles/cmTC_e03f6.dir/CMakeCXXCompilerABI.cpp.o
/usr/bin/arm-linux-gnueabihf-g++    -march=armv7-a -mfpu=neon -mfloat-abi=hard    -v -o CMakeFiles/cmTC_e03f6.dir/CMakeCXXCompilerABI.cpp.o -c /usr/share/cmake-3.16/Modules/CMakeCXXCompilerABI.cpp
Using built-in specs.
COLLECT_GCC=/usr/bin/arm-linux-gnueabihf-g++
Target: arm-linux-gnueabihf
Configured with: ../src/configure -v --with-pkgversion='Ubuntu 9.4.0-1ubuntu1~20.04.2' --with-bugurl=file:///usr/share/doc/gcc-9/README.Bugs --enable-languages=c,ada,c++,go,d,fortran,objc,obj-c++,gm2 --prefix=/usr --with-gcc-major-version-only --program-suffix=-9 --enable-shared --enable-linker-build-id --libexecdir=/usr/lib --without-included-gettext --enable-threads=posix --libdir=/usr/lib --enable-nls --with-sysroot=/ --enable-clocale=gnu --enable-libstdcxx-debug --enable-libstdcxx-time=yes --with-default-libstdcxx-abi=new --enable-gnu-unique-object --disable-libitm --disable-libquadmath --disable-libquadmath-support --enable-plugin --enable-default-pie --with-system-zlib --without-target-system-zlib --enable-libpth-m2 --enable-multiarch --enable-multilib --disable-sjlj-exceptions --with-arch=armv7-a --with-fpu=vfpv3-d16 --with-float=hard --with-mode=thumb --disable-werror --enable-multilib --enable-checking=release --build=x86_64-linux-gnu --host=x86_64-linux-gnu --target=arm-linux-gnueabihf --program-prefix=arm-linux-gnueabihf- --includedir=/usr/arm-linux-gnueabihf/include
Thread model: posix
gcc version 9.4.0 (Ubuntu 9.4.0-1ubuntu1~20.04.2) 
COLLECT_GCC_OPTIONS= '-mfpu=neon' '-mfloat-abi=hard' '-v' '-o' 'CMakeFiles/cmTC_e03f6.dir/CMakeCXXCompilerABI.cpp.o' '-c' '-shared-libgcc' '-mthumb' '-mtls-dialect=gnu' '-march=armv7-a+simd'
 /usr/lib/gcc-cross/arm-linux-gnueabihf/9/cc1plus -quiet -v -imultiarch arm-linux-gnueabihf -D_GNU_SOURCE /usr/share/cmake-3.16/Modules/CMakeCXXCompilerABI.cpp -quiet -dumpbase CMakeCXXCompilerABI.cpp -mfpu=neon -mfloat-abi=hard -mthumb -mtls-dialect=gnu -march=armv7-a+simd -auxbase-strip CMakeFiles/cmTC_e03f6.dir/CMakeCXXCompilerABI.cpp.o -version -fstack-protector-strong -Wformat -Wformat-security -o /tmp/ccozv3VZ.s
GNU C++14 (Ubuntu 9.4.0-1ubuntu1~20.04.2) version 9.4.0 (arm-linux-gnueabihf)
	compiled by GNU C version 9.4.0, GMP version 6.2.0, MPFR version 4.0.2, MPC version 1.1.0, isl version isl-0.22.1-GMP

GGC heuristics: --param ggc-min-expand=100 --param ggc-min-heapsize=131072
ignoring nonexistent directory "/usr/local/include/arm-linux-gnueabihf"
ignoring nonexistent directory "/usr/lib/gcc-cross/arm-linux-gnueabihf/9/include-fixed"
ignoring nonexistent directory "/usr/include/arm-linux-gnueabihf"
#include "..." search starts here:
#include <...> search starts here:
 /usr/lib/gcc-cross/arm-linux-gnueabihf/9/../../../../arm-linux-gnueabihf/include/c++/9
 /usr/lib/gcc-cross/arm-linux-gnueabihf/9/../../../../arm-linux-gnueabihf/include/c++/9/arm-linux-gnueabihf
 /usr/lib/gcc-cross/arm-linux-gnueabihf/9/../../../../arm-linux-gnueabihf/include/c++/9/backward
 /usr/lib/gcc-cross/arm-linux-gnueabihf/9/include
 /usr/lib/gcc-cross/arm-linux-gnueabihf/9/../../../../arm-linux-gnueabihf/include
 /usr/include
End of search list.
GNU C++14 (Ubuntu 9.4.0-1ubuntu1~20.04.2) version 9.4.0 (arm-linux-gnueabihf)
	compiled by GNU C version 9.4.0, GMP version 6.2.0, MPFR version 4.0.2, MPC version 1.1.0, isl version isl-0.22.1-GMP

GGC heuristics: --param ggc-min-expand=100 --param ggc-min-heapsize=131072
Compiler executable checksum: 654838f035c75fff3175c4f9beeacdcc
COLLECT_GCC_OPTIONS= '-mfpu=neon' '-mfloat-abi=hard' '-v' '-o' 'CMakeFiles/cmTC_e03f6.dir/CMakeCXXCompilerABI.cpp.o' '-c' '-shared-libgcc' '-mthumb' '-mtls-dialect=gnu' '-march=armv7-a+simd'
 /usr/lib/gcc-cross/arm-linux-gnueabihf/9/../../../../arm-linux-gnueabihf/bin/as -v -march=armv7-a -mfloat-abi=hard -mfpu=neon -meabi=5 -o CMakeFiles/cmTC_e03f6.dir/CMakeCXXCompilerABI.cpp.o /tmp/ccozv3VZ.s
GNU assembler version 2.34 (arm-linux-gnueabihf) using BFD version (GNU Binutils for Ubuntu) 2.34
COMPILER_PATH=/usr/lib/gcc-cross/arm-linux-gnueabihf/9/:/usr/lib/gcc-cross/arm-linux-gnueabihf/9/:/usr/lib/gcc-cross/arm-linux-gnueabihf/:/usr/lib/gcc-cross/arm-linux-gnueabihf/9/:/usr/lib/gcc-cross/arm-linux-gnueabihf/:/usr/lib/gcc-cross/arm-linux-gnueabihf/9/../../../../arm-linux-gnueabihf/bin/
LIBRARY_PATH=/usr/lib/gcc-cross/arm-linux-gnueabihf/9/:/usr/lib/gcc-cross/arm-linux-gnueabihf/9/../../../../arm-linux-gnueabihf/lib/../lib/:/lib/arm-linux-gnueabihf/:/lib/../lib/:/usr/lib/arm-linux-gnueabihf/:/usr/lib/../lib/:/usr/lib/gcc-cross/arm-linux-gnueabihf/9/../../../../arm-linux-gnueabihf/lib/:/lib/:/usr/lib/
COLLECT_GCC_OPTIONS= '-mfpu=neon' '-mfloat-abi=hard' '-v' '-o' 'CMakeFiles/cmTC_e03f6.dir/CMakeCXXCompilerABI.cpp.o' '-c' '-shared-libgcc' '-mthumb' '-mtls-dialect=gnu' '-march=armv7-a+simd'
Linking CXX executable cmTC_e03f6
/usr/bin/cmake -E cmake_link_script CMakeFiles/cmTC_e03f6.dir/link.txt --verbose=1
/usr/bin/arm-linux-gnueabihf-g++  -march=armv7-a -mfpu=neon -mfloat-abi=hard   -static-libstdc++ -static-libgcc -v CMakeFiles/cmTC_e03f6.dir/CMakeCXXCompilerABI.cpp.o  -o cmTC_e03f6 
Using built-in specs.
COLLECT_GCC=/usr/bin/arm-linux-gnueabihf-g++
COLLECT_LTO_WRAPPER=/usr/lib/gcc-cross/arm-linux-gnueabihf/9/lto-wrapper
Target: arm-linux-gnueabihf
Configured with: ../src/configure -v --with-pkgversion='Ubuntu 9.4.0-1ubuntu1~20.04.2' --with-bugurl=file:///usr/share/doc/gcc-9/README.Bugs --enable-languages=c,ada,c++,go,d,fortran,objc,obj-c++,gm2 --prefix=/usr --with-gcc-major-version-only --program-suffix=-9 --enable-shared --enable-linker-build-id --libexecdir=/usr/lib --without-included-gettext --enable-threads=posix --libdir=/usr/lib --enable-nls --with-sysroot=/ --enable-clocale=gnu --enable-libstdcxx-debug --enable-libstdcxx-time=yes --with-default-libstdcxx-abi=new --enable-gnu-unique-object --disable-libitm --disable-libquadmath --disable-libquadmath-support --enable-plugin --enable-default-pie --with-system-zlib --without-target-system-zlib --enable-libpth-m2 --enable-multiarch --enable-multilib --disable-sjlj-exceptions --with-arch=armv7-a --with-fpu=vfpv3-d16 --with-float=hard --with-mode=thumb --disable-werror --enable-multilib --enable-checking=release --build=x86_64-linux-gnu --host=x86_64-linux-gnu --target=arm-linux-gnueabihf --program-prefix=arm-linux-gnueabihf- --includedir=/usr/arm-linux-gnueabihf/include
Thread model: posix
gcc version 9.4.0 (Ubuntu 9.4.0-1ubuntu1~20.04.2) 
COMPILER_PATH=/usr/lib/gcc-cross/arm-linux-gnueabihf/9/:/usr/lib/gcc-cross/arm-linux-gnueabihf/9/:/usr/lib/gcc-cross/arm-linux-gnueabihf/:/usr/lib/gcc-cross/arm-linux-gnueabihf/9/:/usr/lib/gcc-cross/arm-linux-gnueabihf/:/usr/lib/gcc-cross/arm-linux-gnueabihf/9/../../../../arm-linux-gnueabihf/bin/
LIBRARY_PATH=/usr/lib/gcc-cross/arm-linux-gnueabihf/9/:/usr/lib/gcc-cross/arm-linux-gnueabihf/9/../../../../arm-linux-gnueabihf/lib/../lib/:/lib/arm-linux-gnueabihf/:/lib/../lib/:/usr/lib/arm-linux-gnueabihf/:/usr/lib/../lib/:/usr/lib/gcc-cross/arm-linux-gnueabihf/9/../../../../arm-linux-gnueabihf/lib/:/lib/:/usr/lib/
COLLECT_GCC_OPTIONS= '-mfpu=neon' '-mfloat-abi=hard' '-static-libgcc' '-v' '-o' 'cmTC_e03f6' '-mthumb' '-mtls-dialect=gnu' '-march=armv7-a+simd'
 /usr/lib/gcc-cross/arm-linux-gnueabihf/9/collect2 -plugin /usr/lib/gcc-cross/arm-linux-gnueabihf/9/liblto_plugin.so -plugin-opt=/usr/lib/gcc-cross/arm-linux-gnueabihf/9/lto-wrapper -plugin-opt=-fresolution=/tmp/ccD9fOit.res -plugin-opt=-pass-through=-lgcc -plugin-opt=-pass-through=-lgcc_eh -plugin-opt=-pass-through=-lc -plugin-opt=-pass-through=-lgcc -plugin-opt=-pass-through=-lgcc_eh --sysroot=/ --build-id --eh-frame-hdr -dynamic-linker /lib/ld-linux-armhf.so.3 -X --hash-style=gnu --as-needed -m armelf_linux_eabi -pie -z now -z relro -o cmTC_e03f6 /usr/lib/gcc-cross/arm-linux-gnueabihf/9/../../../../arm-linux-gnueabihf/lib/../lib/Scrt1.o /usr/lib/gcc-cross/arm-linux-gnueabihf/9/../../../../arm-linux-gnueabihf/lib/../lib/crti.o /usr/lib/gcc-cross/arm-linux-gnueabihf/9/crtbeginS.o -L/usr/lib/gcc-cross/arm-linux-gnueabihf/9 -L/usr/lib/gcc-cross/arm-linux-gnueabihf/9/../../../../arm-linux-gnueabihf/lib/../lib -L/lib/arm-linux-gnueabihf -L/lib/../lib -L/usr/lib/arm-linux-gnueabihf -L/usr/lib/../lib -L/usr/lib/gcc-cross/arm-linux-gnueabihf/9/../../../../arm-linux-gnueabihf/lib CMakeFiles/cmTC_e03f6.dir/CMakeCXXCompilerABI.cpp.o -Bstatic -lstdc++ -Bdynamic -lm -lgcc -lgcc_eh -lc -lgcc -lgcc_eh /usr/lib/gcc-cross/arm-linux-gnueabihf/9/crtendS.o /usr/lib/gcc-cross/arm-linux-gnueabihf/9/../../../../arm-linux-gnueabihf/lib/../lib/crtn.o
COLLECT_GCC_OPTIONS= '-mfpu=neon' '-mfloat-abi=hard' '-static-libgcc' '-v' '-o' 'cmTC_e03f6' '-mthumb' '-mtls-dialect=gnu' '-march=armv7-a+simd'
make[1]: Leaving directory '/home/luzi/linux_dirver/camera_streamer/build-imx6ull/CMakeFiles/CMakeTmp'



Parsed CXX implicit include dir info from above output: rv=done
  found start of include info
  found start of implicit include info
    add: [/usr/lib/gcc-cross/arm-linux-gnueabihf/9/../../../../arm-linux-gnueabihf/include/c++/9]
    add: [/usr/lib/gcc-cross/arm-linux-gnueabihf/9/../../../../arm-linux-gnueabihf/include/c++/9/arm-linux-gnueabihf]
    add: [/usr/lib/gcc-cross/arm-linux-gnueabihf/9/../../../../arm-linux-gnueabihf/include/c++/9/backward]
    add: [/usr/lib/gcc-cross/arm-linux-gnueabihf/9/include]
    add: [/usr/lib/gcc-cross/arm-linux-gnueabihf/9/../../../../arm-linux-gnueabihf/include]
    add: [/usr/include]
  end of search list found
  collapse include dir [/usr/lib/gcc-cross/arm-linux-gnueabihf/9/../../../../arm-linux-gnueabihf/include/c++/9] ==> [/usr/arm-linux-gnueabihf/include/c++/9]
  collapse include dir [/usr/lib/gcc-cross/arm-linux-gnueabihf/9/../../../../arm-linux-gnueabihf/include/c++/9/arm-linux-gnueabihf] ==> [/usr/arm-linux-gnueabihf/include/c++/9/arm-linux-gnueabihf]
  collapse include dir [/usr/lib/gcc-cross/arm-linux-gnueabihf/9/../../../../arm-linux-gnueabihf/include/c++/9/backward] ==> [/usr/arm-linux-gnueabihf/include/c++/9/backward]
  collapse include dir [/usr/lib/gcc-cross/arm-linux-gnueabihf/9/include] ==> [/usr/lib/gcc-cross/arm-linux-gnueabihf/9/include]
  collapse include dir [/usr/lib/gcc-cross/arm-linux-gnueabihf/9/../../../../arm-linux-gnueabihf/include] ==> [/usr/arm-linux-gnueabihf/include]
  collapse include dir [/usr/include] ==> [/usr/include]
  implicit include dirs: [/usr/arm-linux-gnueabihf/include/c++/9;/usr/arm-linux-gnueabihf/include/c++/9/arm-linux-gnueabihf;/usr/arm-linux-gnueabihf/include/c++/9/backward;/usr/lib/gcc-cross/arm-linux-gnueabihf/9/include;/usr/arm-linux-gnueabihf/include;/usr/include]


Parsed CXX implicit link information from above output:
  link line regex: [^( *|.*[/\])(arm-linux-gnueabihf-ld|CMAKE_LINK_STARTFILE-NOTFOUND|([^/\]+-)?ld|collect2)[^/\]*( |$)]
  ignore line: [Change Dir: /home/luzi/linux_dirver/camera_streamer/build-imx6ull/CMakeFiles/CMakeTmp]
  ignore line: []
  ignore line: [Run Build Command(s):/usr/bin/make cmTC_e03f6/fast && /usr/bin/make -f CMakeFiles/cmTC_e03f6.dir/build.make CMakeFiles/cmTC_e03f6.dir/build]
  ignore line: [make[1]: Entering directory '/home/luzi/linux_dirver/camera_streamer/build-imx6ull/CMakeFiles/CMakeTmp']
  ignore line: [Building CXX object CMakeFiles/cmTC_e03f6.dir/CMakeCXXCompilerABI.cpp.o]
  ignore line: [/usr/bin/arm-linux-gnueabihf-g++    -march=armv7-a -mfpu=neon -mfloat-abi=hard    -v -o CMakeFiles/cmTC_e03f6.dir/CMakeCXXCompilerABI.cpp.o -c /usr/share/cmake-3.16/Modules/CMakeCXXCompilerABI.cpp]
  ignore line: [Using built-in specs.]
  ignore line: [COLLECT_GCC=/usr/bin/arm-linux-gnueabihf-g++]
  ignore line: [Target: arm-linux-gnueabihf]
  ignore line: [Configured with: ../src/configure -v --with-pkgversion='Ubuntu 9.4.0-1ubuntu1~20.04.2' --with-bugurl=file:///usr/share/doc/gcc-9/README.Bugs --enable-languages=c ada c++ go d fortran objc obj-c++ gm2 --prefix=/usr --with-gcc-major-version-only --program-suffix=-9 --enable-shared --enable-linker-build-id --libexecdir=/usr/lib --without-included-gettext --enable-threads=posix --libdir=/usr/lib --enable-nls --with-sysroot=/ --enable-clocale=gnu --enable-libstdcxx-debug --enable-libstdcxx-time=yes --with-default-libstdcxx-abi=new --enable-gnu-unique-object --disable-libitm --disable-libquadmath --disable-libquadmath-support --enable-plugin --enable-default-pie --with-system-zlib --without-target-system-zlib --enable-libpth-m2 --enable-multiarch --enable-multilib --disable-sjlj-exceptions --with-arch=armv7-a --with-fpu=vfpv3-d16 --with-float=hard --with-mode=thumb --disable-werror --enable-multilib --enable-checking=release --build=x86_64-linux-gnu --host=x86_64-linux-gnu --target=arm-linux-gnueabihf --program-prefix=arm-linux-gnueabihf- --includedir=/usr/arm-linux-gnueabihf/include]
  ignore line: [Thread model: posix]
  ignore line: [gcc version 9.4.0 (Ubuntu 9.4.0-1ubuntu1~20.04.2) ]
  ignore line: [COLLECT_GCC_OPTIONS= '-mfpu=neon' '-mfloat-abi=hard' '-v' '-o' 'CMakeFiles/cmTC_e03f6.dir/CMakeCXXCompilerABI.cpp.o' '-c' '-shared-libgcc' '-mthumb' '-mtls-dialect=gnu' '-march=armv7-a+simd']
  ignore line: [ /usr/lib/gcc-cross/arm-linux-gnueabihf/9/cc1plus -quiet -v -imultiarch arm-linux-gnueabihf -D_GNU_SOURCE /usr/share/cmake-3.16/Modules/CMakeCXXCompilerABI.cpp -quiet -dumpbase CMakeCXXCompilerABI.cpp -mfpu=neon -mfloat-abi=hard -mthumb -mtls-dialect=gnu -march=armv7-a+simd -auxbase-strip CMakeFiles/cmTC_e03f6.dir/CMakeCXXCompilerABI.cpp.o -version -fstack-protector-strong -Wformat -Wformat-security -o /tmp/ccozv3VZ.s]
  ignore line: [GNU C++14 (Ubuntu 9.4.0-1ubuntu1~20.04.2) version 9.4.0 (arm-linux-gnueabihf)]
  ignore line: [	compiled by GNU C version 9.4.0  GMP version 6.2.0  MPFR version 4.0.2  MPC version 1.1.0  isl version isl-0.22.1-GMP]
  ignore line: []
  ignore line: [GGC heuristics: --param ggc-min-expand=100 --param ggc-min-heapsize=131072]
  ignore line: [ignoring nonexistent directory "/usr/local/include/arm-linux-gnueabihf"]
  ignore line: [ignoring nonexistent directory "/usr/lib/gcc-cross/arm-linux-gnueabihf/9/include-fixed"]
  ignore line: [ignoring nonexistent directory "/usr/include/arm-linux-gnueabihf"]
  ignore line: [#include "..." search starts here:]
  ignore line: [#include <...> search starts here:]
  ignore line: [ /usr/lib/gcc-cross/arm-linux-gnueabihf/9/../../../../arm-linux-gnueabihf/include/c++/9]
  ignore line: [ /usr/lib/gcc-cross/arm-linux-gnueabihf/9/../../../../arm-linux-gnueabihf/include/c++/9/arm-linux-gnueabihf]
  ignore line: [ /usr/lib/gcc-cross/arm-linux-gnueabihf/9/../../../../arm-linux-gnueabihf/include/c++/9/backward]
  ignore line: [ /usr/lib/gcc-cross/arm-linux-gnueabihf/9/include]
  ignore line: [ /usr/lib/gcc-cross/arm-linux-gnueabihf/9/../../../../arm-linux-gnueabihf/include]
  ignore line: [ /usr/include]
  ignore line: [End of search list.]
  ignore line: [GNU C++14 (Ubuntu 9.4.0-1ubuntu1~20.04.2) version 9.4.0 (arm-linux-gnueabihf)]
  ignore line: [	compiled by GNU C version 9.4.0  GMP version 6.2.0  MPFR version 4.0.2  MPC version 1.1.0  isl version isl-0.22.1-GMP]
  ignore line: []
  ignore line: [GGC heuristics: --param ggc-min-expand=100 --param ggc-min-heapsize=131072]
  ignore line: [Compiler executable checksum: 654838f035c75fff3175c4f9beeacdcc]
  ignore line: [COLLECT_GCC_OPTIONS= '-mfpu=neon' '-mfloat-abi=hard' '-v' '-o' 'CMakeFiles/cmTC_e03f6.dir/CMakeCXXCompilerABI.cpp.o' '-c' '-shared-libgcc' '-mthumb' '-mtls-dialect=gnu' '-march=armv7-a+simd']
  ignore line: [ /usr/lib/gcc-cross/arm-linux-gnueabihf/9/../../../../arm-linux-gnueabihf/bin/as -v -march=armv7-a -mfloat-abi=hard -mfpu=neon -meabi=5 -o CMakeFiles/cmTC_e03f6.dir/CMakeCXXCompilerABI.cpp.o /tmp/ccozv3VZ.s]
  ignore line: [GNU assembler version 2.34 (arm-linux-gnueabihf) using BFD version (GNU Binutils for Ubuntu) 2.34]
  ignore line: [COMPILER_PATH=/usr/lib/gcc-cross/arm-linux-gnueabihf/9/:/usr/lib/gcc-cross/arm-linux-gnueabihf/9/:/usr/lib/gcc-cross/arm-linux-gnueabihf/:/usr/lib/gcc-cross/arm-linux-gnueabihf/9/:/usr/lib/gcc-cross/arm-linux-gnueabihf/:/usr/lib/gcc-cross/arm-linux-gnueabihf/9/../../../../arm-linux-gnueabihf/bin/]
  ignore line: [LIBRARY_PATH=/usr/lib/gcc-cross/arm-linux-gnueabihf/9/:/usr/lib/gcc-cross/arm-linux-gnueabihf/9/../../../../arm-linux-gnueabihf/lib/../lib/:/lib/arm-linux-gnueabihf/:/lib/../lib/:/usr/lib/arm-linux-gnueabihf/:/usr/lib/../lib/:/usr/lib/gcc-cross/arm-linux-gnueabihf/9/../../../../arm-linux-gnueabihf/lib/:/lib/:/usr/lib/]
  ignore line: [COLLECT_GCC_OPTIONS= '-mfpu=neon' '-mfloat-abi=hard' '-v' '-o' 'CMakeFiles/cmTC_e03f6.dir/CMakeCXXCompilerABI.cpp.o' '-c' '-shared-libgcc' '-mthumb' '-mtls-dialect=gnu' '-march=armv7-a+simd']
  ignore line: [Linking CXX executable cmTC_e03f6]
  ignore line: [/usr/bin/cmake -E cmake_link_script CMakeFiles/cmTC_e03f6.dir/link.txt --verbose=1]
  ignore line: [/usr/bin/arm-linux-gnueabihf-g++  -march=armv7-a -mfpu=neon -mfloat-abi=hard   -static-libstdc++ -static-libgcc -v CMakeFiles/cmTC_e03f6.dir/CMakeCXXCompilerABI.cpp.o  -o cmTC_e03f6 ]
  ignore line: [Using built-in specs.]
  ignore line: [COLLECT_GCC=/usr/bin/arm-linux-gnueabihf-g++]
  ignore line: [COLLECT_LTO_WRAPPER=/usr/lib/gcc-cross/arm-linux-gnueabihf/9/lto-wrapper]
  ignore line: [Target: arm-linux-gnueabihf]
  ignore line: [Configured with: ../src/configure -v --with-pkgversion='Ubuntu 9.4.0-1ubuntu1~20.04.2' --with-bugurl=file:///usr/share/doc/gcc-9/README.Bugs --enable-languages=c ada c++ go d fortran objc obj-c++ gm2 --prefix=/usr --with-gcc-major-version-only --program-suffix=-9 --enable-shared --enable-linker-build-id --libexecdir=/usr/lib --without-included-gettext --enable-threads=posix --libdir=/usr/lib --enable-nls --with-sysroot=/ --enable-clocale=gnu --enable-libstdcxx-debug --enable-libstdcxx-time=yes --with-default-libstdcxx-abi=new --enable-gnu-unique-object --disable-libitm --disable-libquadmath --disable-libquadmath-support --enable-plugin --enable-default-pie --with-system-zlib --without-target-system-zlib --enable-libpth-m2 --enable-multiarch --enable-multilib --disable-sjlj-exceptions --with-arch=armv7-a --with-fpu=vfpv3-d16 --with-float=hard --with-mode=thumb --disable-werror --enable-multilib --enable-checking=release --build=x86_64-linux-gnu --host=x86_64-linux-gnu --target=arm-linux-gnueabihf --program-prefix=arm-linux-gnueabihf- --includedir=/usr/arm-linux-gnueabihf/include]
  ignore line: [Thread model: posix]
  ignore line: [gcc version 9.4.0 (Ubuntu 9.4.0-1ubuntu1~20.04.2) ]
  ignore line: [COMPILER_PATH=/usr/lib/gcc-cross/arm-linux-gnueabihf/9/:/usr/lib/gcc-cross/arm-linux-gnueabihf/9/:/usr/lib/gcc-cross/arm-linux-gnueabihf/:/usr/lib/gcc-cross/arm-linux-gnueabihf/9/:/usr/lib/gcc-cross/arm-linux-gnueabihf/:/usr/lib/gcc-cross/arm-linux-gnueabihf/9/../../../../arm-linux-gnueabihf/bin/]
  ignore line: [LIBRARY_PATH=/usr/lib/gcc-cross/arm-linux-gnueabihf/9/:/usr/lib/gcc-cross/arm-linux-gnueabihf/9/../../../../arm-linux-gnueabihf/lib/../lib/:/lib/arm-linux-gnueabihf/:/lib/../lib/:/usr/lib/arm-linux-gnueabihf/:/usr/lib/../lib/:/usr/lib/gcc-cross/arm-linux-gnueabihf/9/../../../../arm-linux-gnueabihf/lib/:/lib/:/usr/lib/]
  ignore line: [COLLECT_GCC_OPTIONS= '-mfpu=neon' '-mfloat-abi=hard' '-static-libgcc' '-v' '-o' 'cmTC_e03f6' '-mthumb' '-mtls-dialect=gnu' '-march=armv7-a+simd']
  link line: [ /usr/lib/gcc-cross/arm-linux-gnueabihf/9/collect2 -plugin /usr/lib/gcc-cross/arm-linux-gnueabihf/9/liblto_plugin.so -plugin-opt=/usr/lib/gcc-cross/arm-linux-gnueabihf/9/lto-wrapper -plugin-opt=-fresolution=/tmp/ccD9fOit.res -plugin-opt=-pass-through=-lgcc -plugin-opt=-pass-through=-lgcc_eh -plugin-opt=-pass-through=-lc -plugin-opt=-pass-through=-lgcc -plugin-opt=-pass-through=-lgcc_eh --sysroot=/ --build-id --eh-frame-hdr -dynamic-linker /lib/ld-linux-armhf.so.3 -X --hash-style=gnu --as-needed -m armelf_linux_eabi -pie -z now -z relro -o cmTC_e03f6 /usr/lib/gcc-cross/arm-linux-gnueabihf/9/../../../../arm-linux-gnueabihf/lib/../lib/Scrt1.o /usr/lib/gcc-cross/arm-linux-gnueabihf/9/../../../../arm-linux-gnueabihf/lib/../lib/crti.o /usr/lib/gcc-cross/arm-linux-gnueabihf/9/crtbeginS.o -L/usr/lib/gcc-cross/arm-linux-gnueabihf/9 -L/usr/lib/gcc-cross/arm-linux-gnueabihf/9/../../../../arm-linux-gnueabihf/lib/../lib -L/lib/arm-linux-gnueabihf -L/lib/../lib -L/usr/lib/arm-linux-gnueabihf -L/usr/lib/../lib -L/usr/lib/gcc-cross/arm-linux-gnueabihf/9/../../../../arm-linux-gnueabihf/lib CMakeFiles/cmTC_e03f6.dir/CMakeCXXCompilerABI.cpp.o -Bstatic -lstdc++ -Bdynamic -lm -lgcc -lgcc_eh -lc -lgcc -lgcc_eh /usr/lib/gcc-cross/arm-linux-gnueabihf/9/crtendS.o /usr/lib/gcc-cross/arm-linux-gnueabihf/9/../../../../arm-linux-gnueabihf/lib/../lib/crtn.o]
    arg [/usr/lib/gcc-cross/arm-linux-gnueabihf/9/collect2] ==> ignore
    arg [-plugin] ==> ignore
    arg [/usr/lib/gcc-cross/arm-linux-gnueabihf/9/liblto_plugin.so] ==> ignore
    arg [-plugin-opt=/usr/lib/gcc-cross/arm-linux-gnueabihf/9/lto-wrapper] ==> ignore
    arg [-plugin-opt=-fresolution=/tmp/ccD9fOit.res] ==> ignore
    arg [-plugin-opt=-pass-through=-lgcc] ==> ignore
    arg [-plugin-opt=-pass-through=-lgcc_eh] ==> ignore
    arg [-plugin-opt=-pass-through=-lc] ==> ignore
    arg [-plugin-opt=-pass-through=-lgcc] ==> ignore
    arg [-plugin-opt=-pass-through=-lgcc_eh] ==> ignore
    arg [--sysroot=/] ==> ignore
    arg [--build-id] ==> ignore
    arg [--eh-frame-hdr] ==> ignore
    arg [-dynamic-linker] ==> ignore
    arg [/lib/ld-linux-armhf.so.3] ==> ignore
    arg [-X] ==> ignore
    arg [--hash-style=gnu] ==> ignore
    arg [--as-needed] ==> ignore
    arg [-m] ==> ignore
    arg [armelf_linux_eabi] ==> ignore
    arg [-pie] ==> ignore
    arg [-znow] ==> ignore
    arg [-zrelro] ==> ignore
    arg [-o] ==> ignore
    arg [cmTC_e03f6] ==> ignore
    arg [/usr/lib/gcc-cross/arm-linux-gnueabihf/9/../../../../arm-linux-gnueabihf/lib/../lib/Scrt1.o] ==> ignore
    arg [/usr/lib/gcc-cross/arm-linux-gnueabihf/9/../../../../arm-linux-gnueabihf/lib/../lib/crti.o] ==> ignore
    arg [/usr/lib/gcc-cross/arm-linux-gnueabihf/9/crtbeginS.o] ==> ignore
    arg [-L/usr/lib/gcc-cross/arm-linux-gnueabihf/9] ==> dir [/usr/lib/gcc-cross/arm-linux-gnueabihf/9]
    arg [-L/usr/lib/gcc-cross/arm-linux-gnueabihf/9/../../../../arm-linux-gnueabihf/lib/../lib] ==> dir [/usr/lib/gcc-cross/arm-linux-gnueabihf/9/../../../../arm-linux-gnueabihf/lib/../lib]
    arg [-L/lib/arm-linux-gnueabihf] ==> dir [/lib/arm-linux-gnueabihf]
    arg [-L/lib/../lib] ==> dir [/lib/../lib]
    arg [-L/usr/lib/arm-linux-gnueabihf] ==> dir [/usr/lib/arm-linux-gnueabihf]
    arg [-L/usr/lib/../lib] ==> dir [/usr/lib/../lib]
    arg [-L/usr/lib/gcc-cross/arm-linux-gnueabihf/9/../../../../arm-linux-gnueabihf/lib] ==> dir [/usr/lib/gcc-cross/arm-linux-gnueabihf/9/../../../../arm-linux-gnueabihf/lib]
    arg [CMakeFiles/cmTC_e03f6.dir/CMakeCXXCompilerABI.cpp.o] ==> ignore
    arg [-Bstatic] ==> ignore
    arg [-lstdc++] ==> lib [stdc++]
    arg [-Bdynamic] ==> ignore
    arg [-lm] ==> lib [m]
    arg [-lgcc] ==> lib [gcc]
    arg [-lgcc_eh] ==> lib [gcc_eh]
    arg [-lc] ==> lib [c]
    arg [-lgcc] ==> lib [gcc]
    arg [-lgcc_eh] ==> lib [gcc_eh]
    arg [/usr/lib/gcc-cross/arm-linux-gnueabihf/9/crtendS.o] ==> ignore
    arg [/usr/lib/gcc-cross/arm-linux-gnueabihf/9/../../../../arm-linux-gnueabihf/lib/../lib/crtn.o] ==> ignore
  remove lib [gcc_eh]
  remove lib [gcc_eh]
  collapse library dir [/usr/lib/gcc-cross/arm-linux-gnueabihf/9] ==> [/usr/lib/gcc-cross/arm-linux-gnueabihf/9]
  collapse library dir [/usr/lib/gcc-cross/arm-linux-gnueabihf/9/../../../../arm-linux-gnueabihf/lib/../lib] ==> [/usr/arm-linux-gnueabihf/lib]
  collapse library dir [/lib/arm-linux-gnueabihf] ==> [/lib/arm-linux-gnueabihf]
  collapse library dir [/lib/../lib] ==> [/lib]
  collapse library dir [/usr/lib/arm-linux-gnueabihf] ==> [/usr/lib/arm-linux-gnueabihf]
  collapse library dir [/usr/lib/../lib] ==> [/usr/lib]
  collapse library dir [/usr/lib/gcc-cross/arm-linux-gnueabihf/9/../../../../arm-linux-gnueabihf/lib] ==> [/usr/arm-linux-gnueabihf/lib]
  implicit libs: [stdc++;m;gcc;c;gcc]
  implicit dirs: [/usr/lib/gcc-cross/arm-linux-gnueabihf/9;/usr/arm-linux-gnueabihf/lib;/lib/arm-linux-gnueabihf;/lib;/usr/lib/arm-linux-gnueabihf;/usr/lib]
  implicit fwks: []


Determining if the include file pthread.h exists passed with the following output:
Change Dir: /home/luzi/linux_dirver/camera_streamer/build-imx6ull/CMakeFiles/CMakeTmp

Run Build Command(s):/usr/bin/make cmTC_0d763/fast && /usr/bin/make -f CMakeFiles/cmTC_0d763.dir/build.make CMakeFiles/cmTC_0d763.dir/build
make[1]: 进入目录“/home/luzi/linux_dirver/camera_streamer/build-imx6ull/CMakeFiles/CMakeTmp”
Building CXX object CMakeFiles/cmTC_0d763.dir/CheckIncludeFile.cxx.o
/usr/bin/arm-linux-gnueabihf-g++    -march=armv7-a -mfpu=neon -mfloat-abi=hard    -std=c++17 -o CMakeFiles/cmTC_0d763.dir/CheckIncludeFile.cxx.o -c /home/luzi/linux_dirver/camera_streamer/build-imx6ull/CMakeFiles/CMakeTmp/CheckIncludeFile.cxx
Linking CXX executable cmTC_0d763
/usr/bin/cmake -E cmake_link_script CMakeFiles/cmTC_0d763.dir/link.txt --verbose=1
/usr/bin/arm-linux-gnueabihf-g++  -march=armv7-a -mfpu=neon -mfloat-abi=hard   -static-libstdc++ -static-libgcc  CMakeFiles/cmTC_0d763.dir/CheckIncludeFile.cxx.o  -o cmTC_0d763 
make[1]: 离开目录“/home/luzi/linux_dirver/camera_streamer/build-imx6ull/CMakeFiles/CMakeTmp”



Determining if the function pthread_create exists in the pthread passed with the following output:
Change Dir: /home/luzi/linux_dirver/camera_streamer/build-imx6ull/CMakeFiles/CMakeTmp

Run Build Command(s):/usr/bin/make cmTC_b0e44/fast && /usr/bin/make -f CMakeFiles/cmTC_b0e44.dir/build.make CMakeFiles/cmTC_b0e44.dir/build
make[1]: 进入目录“/home/luzi/linux_dirver/camera_streamer/build-imx6ull/CMakeFiles/CMakeTmp”
Building CXX object CMakeFiles/cmTC_b0e44.dir/CheckFunctionExists.cxx.o
/usr/bin/arm-linux-gnueabihf-g++    -march=armv7-a -mfpu=neon -mfloat-abi=hard -DCHECK_FUNCTION_EXISTS=pthread_create   -std=c++17 -o CMakeFiles/cmTC_b0e44.dir/CheckFunctionExists.cxx.o -c /home/luzi/linux_dirver/camera_streamer/build-imx6ull/CMakeFiles/CheckLibraryExists/CheckFunctionExists.cxx
Linking CXX executable cmTC_b0e44
/usr/bin/cmake -E cmake_link_script CMakeFiles/cmTC_b0e44.dir/link.txt --verbose=1
/usr/bin/arm-linux-gnueabihf-g++  -march=armv7-a -mfpu=neon -mfloat-abi=hard -DCHECK_FUNCTION_EXISTS=pthread_create  -static-libstdc++ -static-libgcc  CMakeFiles/cmTC_b0e44.dir/CheckFunctionExists.cxx.o  -o cmTC_b0e44  -lpthread 
make[1]: 离开目录“/home/luzi/linux_dirver/camera_streamer/build-imx6ull/CMakeFiles/CMakeTmp”



